<?xml version="1.0" encoding="UTF-8"?>
<!-- Generated by org.testng.reporters.JUnitReportReporter -->
<testsuite hostname="DESKTOP-238R3R7" failures="0" tests="1" name="UI.UITest" time="5.894" errors="0" timestamp="2023-02-12T20:33:36 EET" skipped="0">
  <testcase classname="UI.UITest" name="studentRegister" time="5.894"/>
  <system-out/>
</testsuite> <!-- UI.UITest -->
